[1.271s] Invoking command in '/home/bagus/ichimonji/ros2-logger/src/sensor_logger': BYOBU_DATE=%Y-%m-%d PYTHONPATH=/home/bagus/ichimonji/ros2-logger/build/sensor_logger/prefix_override:/usr/lib/python3/dist-packages/colcon_core/task/python/colcon_distutils_commands:/home/bagus/ichimonji/ros2-logger/install/sensor_logger/lib/python3.10/site-packages:${PYTHONPATH} /usr/bin/python3 -W ignore:setup.py install is deprecated -W ignore:easy_install command is deprecated setup.py egg_info --egg-base ../../build/sensor_logger build --build-base /home/bagus/ichimonji/ros2-logger/build/sensor_logger/build install --record /home/bagus/ichimonji/ros2-logger/build/sensor_logger/install.log --single-version-externally-managed install_data
[1.699s] running egg_info
[1.700s] writing ../../build/sensor_logger/sensor_logger.egg-info/PKG-INFO
[1.701s] writing dependency_links to ../../build/sensor_logger/sensor_logger.egg-info/dependency_links.txt
[1.701s] writing entry points to ../../build/sensor_logger/sensor_logger.egg-info/entry_points.txt
[1.701s] writing requirements to ../../build/sensor_logger/sensor_logger.egg-info/requires.txt
[1.702s] writing top-level names to ../../build/sensor_logger/sensor_logger.egg-info/top_level.txt
[1.704s] reading manifest file '../../build/sensor_logger/sensor_logger.egg-info/SOURCES.txt'
[1.706s] writing manifest file '../../build/sensor_logger/sensor_logger.egg-info/SOURCES.txt'
[1.706s] running build
[1.706s] running build_py
[1.706s] running install
[1.707s] running install_lib
[1.709s] running install_data
[1.709s] running install_egg_info
[1.712s] removing '/home/bagus/ichimonji/ros2-logger/install/sensor_logger/lib/python3.10/site-packages/sensor_logger-0.0.0-py3.10.egg-info' (and everything under it)
[1.713s] Copying ../../build/sensor_logger/sensor_logger.egg-info to /home/bagus/ichimonji/ros2-logger/install/sensor_logger/lib/python3.10/site-packages/sensor_logger-0.0.0-py3.10.egg-info
[1.714s] running install_scripts
[1.757s] Installing sensor_logger script to /home/bagus/ichimonji/ros2-logger/install/sensor_logger/lib/sensor_logger
[1.757s] writing list of installed files to '/home/bagus/ichimonji/ros2-logger/build/sensor_logger/install.log'
[1.805s] Invoked command in '/home/bagus/ichimonji/ros2-logger/src/sensor_logger' returned '0': BYOBU_DATE=%Y-%m-%d PYTHONPATH=/home/bagus/ichimonji/ros2-logger/build/sensor_logger/prefix_override:/usr/lib/python3/dist-packages/colcon_core/task/python/colcon_distutils_commands:/home/bagus/ichimonji/ros2-logger/install/sensor_logger/lib/python3.10/site-packages:${PYTHONPATH} /usr/bin/python3 -W ignore:setup.py install is deprecated -W ignore:easy_install command is deprecated setup.py egg_info --egg-base ../../build/sensor_logger build --build-base /home/bagus/ichimonji/ros2-logger/build/sensor_logger/build install --record /home/bagus/ichimonji/ros2-logger/build/sensor_logger/install.log --single-version-externally-managed install_data
