[0.506s] Invoking command in '/home/bagus/ichimonji/ros2-logger/src/sensor_pub_py': BYOBU_DATE=%Y-%m-%d PYTHONPATH=/home/bagus/ichimonji/ros2-logger/build/sensor_pub_py/prefix_override:/usr/lib/python3/dist-packages/colcon_core/task/python/colcon_distutils_commands:/home/bagus/ichimonji/ros2-logger/install/sensor_pub_py/lib/python3.10/site-packages:${PYTHONPATH} /usr/bin/python3 -W ignore:setup.py install is deprecated -W ignore:easy_install command is deprecated setup.py egg_info --egg-base ../../build/sensor_pub_py build --build-base /home/bagus/ichimonji/ros2-logger/build/sensor_pub_py/build install --record /home/bagus/ichimonji/ros2-logger/build/sensor_pub_py/install.log --single-version-externally-managed install_data
[0.656s] running egg_info
[0.656s] writing ../../build/sensor_pub_py/sensor_pub_py.egg-info/PKG-INFO
[0.657s] writing dependency_links to ../../build/sensor_pub_py/sensor_pub_py.egg-info/dependency_links.txt
[0.657s] writing entry points to ../../build/sensor_pub_py/sensor_pub_py.egg-info/entry_points.txt
[0.657s] writing requirements to ../../build/sensor_pub_py/sensor_pub_py.egg-info/requires.txt
[0.657s] writing top-level names to ../../build/sensor_pub_py/sensor_pub_py.egg-info/top_level.txt
[0.657s] reading manifest file '../../build/sensor_pub_py/sensor_pub_py.egg-info/SOURCES.txt'
[0.658s] writing manifest file '../../build/sensor_pub_py/sensor_pub_py.egg-info/SOURCES.txt'
[0.658s] running build
[0.658s] running build_py
[0.659s] copying sensor_pub_py/sensor_pub.py -> /home/bagus/ichimonji/ros2-logger/build/sensor_pub_py/build/lib/sensor_pub_py
[0.659s] running install
[0.659s] running install_lib
[0.659s] copying /home/bagus/ichimonji/ros2-logger/build/sensor_pub_py/build/lib/sensor_pub_py/sensor_pub.py -> /home/bagus/ichimonji/ros2-logger/install/sensor_pub_py/lib/python3.10/site-packages/sensor_pub_py
[0.659s] byte-compiling /home/bagus/ichimonji/ros2-logger/install/sensor_pub_py/lib/python3.10/site-packages/sensor_pub_py/sensor_pub.py to sensor_pub.cpython-310.pyc
[0.660s] running install_data
[0.660s] running install_egg_info
[0.660s]   File "/home/bagus/ichimonji/ros2-logger/install/sensor_pub_py/lib/python3.10/site-packages/sensor_pub_py/sensor_pub.py", line 45
[0.660s]     if __name__='__main__':
[0.660s]        ^^^^^^^^^^^^^^^^^^^
[0.660s] SyntaxError: invalid syntax. Maybe you meant '==' or ':=' instead of '='?
[0.660s] 
[0.661s] removing '/home/bagus/ichimonji/ros2-logger/install/sensor_pub_py/lib/python3.10/site-packages/sensor_pub_py-0.0.0-py3.10.egg-info' (and everything under it)
[0.661s] Copying ../../build/sensor_pub_py/sensor_pub_py.egg-info to /home/bagus/ichimonji/ros2-logger/install/sensor_pub_py/lib/python3.10/site-packages/sensor_pub_py-0.0.0-py3.10.egg-info
[0.661s] running install_scripts
[0.675s] Installing sensor_publisher script to /home/bagus/ichimonji/ros2-logger/install/sensor_pub_py/lib/sensor_pub_py
[0.675s] writing list of installed files to '/home/bagus/ichimonji/ros2-logger/build/sensor_pub_py/install.log'
[0.693s] Invoked command in '/home/bagus/ichimonji/ros2-logger/src/sensor_pub_py' returned '0': BYOBU_DATE=%Y-%m-%d PYTHONPATH=/home/bagus/ichimonji/ros2-logger/build/sensor_pub_py/prefix_override:/usr/lib/python3/dist-packages/colcon_core/task/python/colcon_distutils_commands:/home/bagus/ichimonji/ros2-logger/install/sensor_pub_py/lib/python3.10/site-packages:${PYTHONPATH} /usr/bin/python3 -W ignore:setup.py install is deprecated -W ignore:easy_install command is deprecated setup.py egg_info --egg-base ../../build/sensor_pub_py build --build-base /home/bagus/ichimonji/ros2-logger/build/sensor_pub_py/build install --record /home/bagus/ichimonji/ros2-logger/build/sensor_pub_py/install.log --single-version-externally-managed install_data
