[0.111s] DEBUG:colcon:Command line arguments: ['/usr/bin/colcon', 'list', '-p', '--base-paths', '/home/bagus/ichimonji/ros2-logger']
[0.111s] DEBUG:colcon:Parsed command line arguments: Namespace(log_base=None, log_level=None, verb_name='list', build_base='build', ignore_user_meta=False, metas=['./colcon.meta'], base_paths=['/home/bagus/ichimonji/ros2-logger'], packages_ignore=None, packages_ignore_regex=None, paths=None, packages_up_to=None, packages_up_to_regex=None, packages_above=None, packages_above_and_dependencies=None, packages_above_depth=None, packages_select_by_dep=None, packages_skip_by_dep=None, packages_skip_up_to=None, packages_select_build_failed=False, packages_skip_build_finished=False, packages_select_test_failures=False, packages_skip_test_passed=False, packages_select=None, packages_skip=None, packages_select_regex=None, packages_skip_regex=None, packages_start=None, packages_end=None, allow_overriding=[], topological_order=False, names_only=False, paths_only=True, topological_graph=False, topological_graph_dot=False, topological_graph_density=False, topological_graph_legend=False, topological_graph_dot_cluster=False, topological_graph_dot_include_skipped=False, verb_parser=<colcon_defaults.argument_parser.defaults.DefaultArgumentsDecorator object at 0x764f1f109f90>, verb_extension=<colcon_package_information.verb.list.ListVerb object at 0x764f1f253100>, main=<bound method ListVerb.main of <colcon_package_information.verb.list.ListVerb object at 0x764f1f253100>>)
[0.271s] Level 1:colcon.colcon_core.package_discovery:discover_packages(colcon_meta) check parameters
[0.271s] Level 1:colcon.colcon_core.package_discovery:discover_packages(recursive) check parameters
[0.271s] Level 1:colcon.colcon_core.package_discovery:discover_packages(ignore) check parameters
[0.271s] Level 1:colcon.colcon_core.package_discovery:discover_packages(path) check parameters
[0.271s] Level 1:colcon.colcon_core.package_discovery:discover_packages(recursive) discover
[0.271s] INFO:colcon.colcon_core.package_discovery:Crawling recursively for packages in '/home/bagus/ichimonji/ros2-logger'
[0.271s] Level 1:colcon.colcon_core.package_identification:_identify(/home/bagus/ichimonji/ros2-logger) by extensions ['ignore', 'ignore_ament_install']
[0.271s] Level 1:colcon.colcon_core.package_identification:_identify(/home/bagus/ichimonji/ros2-logger) by extension 'ignore'
[0.271s] Level 1:colcon.colcon_core.package_identification:_identify(/home/bagus/ichimonji/ros2-logger) by extension 'ignore_ament_install'
[0.271s] Level 1:colcon.colcon_core.package_identification:_identify(/home/bagus/ichimonji/ros2-logger) by extensions ['colcon_pkg']
[0.271s] Level 1:colcon.colcon_core.package_identification:_identify(/home/bagus/ichimonji/ros2-logger) by extension 'colcon_pkg'
[0.271s] Level 1:colcon.colcon_core.package_identification:_identify(/home/bagus/ichimonji/ros2-logger) by extensions ['colcon_meta']
[0.271s] Level 1:colcon.colcon_core.package_identification:_identify(/home/bagus/ichimonji/ros2-logger) by extension 'colcon_meta'
[0.272s] Level 1:colcon.colcon_core.package_identification:_identify(/home/bagus/ichimonji/ros2-logger) by extensions ['ros']
[0.272s] Level 1:colcon.colcon_core.package_identification:_identify(/home/bagus/ichimonji/ros2-logger) by extension 'ros'
[0.293s] Level 1:colcon.colcon_core.package_identification:_identify(/home/bagus/ichimonji/ros2-logger) by extensions ['cmake', 'python']
[0.293s] Level 1:colcon.colcon_core.package_identification:_identify(/home/bagus/ichimonji/ros2-logger) by extension 'cmake'
[0.293s] Level 1:colcon.colcon_core.package_identification:_identify(/home/bagus/ichimonji/ros2-logger) by extension 'python'
[0.293s] Level 1:colcon.colcon_core.package_identification:_identify(/home/bagus/ichimonji/ros2-logger) by extensions ['python_setup_py']
[0.293s] Level 1:colcon.colcon_core.package_identification:_identify(/home/bagus/ichimonji/ros2-logger) by extension 'python_setup_py'
[0.293s] Level 1:colcon.colcon_core.package_identification:_identify(/home/bagus/ichimonji/ros2-logger/build) by extensions ['ignore', 'ignore_ament_install']
[0.293s] Level 1:colcon.colcon_core.package_identification:_identify(/home/bagus/ichimonji/ros2-logger/build) by extension 'ignore'
[0.294s] Level 1:colcon.colcon_core.package_identification:_identify(/home/bagus/ichimonji/ros2-logger/build) ignored
[0.294s] Level 1:colcon.colcon_core.package_identification:_identify(/home/bagus/ichimonji/ros2-logger/install) by extensions ['ignore', 'ignore_ament_install']
[0.294s] Level 1:colcon.colcon_core.package_identification:_identify(/home/bagus/ichimonji/ros2-logger/install) by extension 'ignore'
[0.294s] Level 1:colcon.colcon_core.package_identification:_identify(/home/bagus/ichimonji/ros2-logger/install) ignored
[0.294s] Level 1:colcon.colcon_core.package_identification:_identify(/home/bagus/ichimonji/ros2-logger/log) by extensions ['ignore', 'ignore_ament_install']
[0.294s] Level 1:colcon.colcon_core.package_identification:_identify(/home/bagus/ichimonji/ros2-logger/log) by extension 'ignore'
[0.294s] Level 1:colcon.colcon_core.package_identification:_identify(/home/bagus/ichimonji/ros2-logger/log) ignored
[0.294s] Level 1:colcon.colcon_core.package_identification:_identify(/home/bagus/ichimonji/ros2-logger/src) by extensions ['ignore', 'ignore_ament_install']
[0.294s] Level 1:colcon.colcon_core.package_identification:_identify(/home/bagus/ichimonji/ros2-logger/src) by extension 'ignore'
[0.294s] Level 1:colcon.colcon_core.package_identification:_identify(/home/bagus/ichimonji/ros2-logger/src) by extension 'ignore_ament_install'
[0.294s] Level 1:colcon.colcon_core.package_identification:_identify(/home/bagus/ichimonji/ros2-logger/src) by extensions ['colcon_pkg']
[0.294s] Level 1:colcon.colcon_core.package_identification:_identify(/home/bagus/ichimonji/ros2-logger/src) by extension 'colcon_pkg'
[0.294s] Level 1:colcon.colcon_core.package_identification:_identify(/home/bagus/ichimonji/ros2-logger/src) by extensions ['colcon_meta']
[0.294s] Level 1:colcon.colcon_core.package_identification:_identify(/home/bagus/ichimonji/ros2-logger/src) by extension 'colcon_meta'
[0.294s] Level 1:colcon.colcon_core.package_identification:_identify(/home/bagus/ichimonji/ros2-logger/src) by extensions ['ros']
[0.294s] Level 1:colcon.colcon_core.package_identification:_identify(/home/bagus/ichimonji/ros2-logger/src) by extension 'ros'
[0.294s] Level 1:colcon.colcon_core.package_identification:_identify(/home/bagus/ichimonji/ros2-logger/src) by extensions ['cmake', 'python']
[0.294s] Level 1:colcon.colcon_core.package_identification:_identify(/home/bagus/ichimonji/ros2-logger/src) by extension 'cmake'
[0.294s] Level 1:colcon.colcon_core.package_identification:_identify(/home/bagus/ichimonji/ros2-logger/src) by extension 'python'
[0.294s] Level 1:colcon.colcon_core.package_identification:_identify(/home/bagus/ichimonji/ros2-logger/src) by extensions ['python_setup_py']
[0.294s] Level 1:colcon.colcon_core.package_identification:_identify(/home/bagus/ichimonji/ros2-logger/src) by extension 'python_setup_py'
[0.294s] Level 1:colcon.colcon_core.package_identification:_identify(/home/bagus/ichimonji/ros2-logger/src/sensor_pub_py) by extensions ['ignore', 'ignore_ament_install']
[0.294s] Level 1:colcon.colcon_core.package_identification:_identify(/home/bagus/ichimonji/ros2-logger/src/sensor_pub_py) by extension 'ignore'
[0.294s] Level 1:colcon.colcon_core.package_identification:_identify(/home/bagus/ichimonji/ros2-logger/src/sensor_pub_py) by extension 'ignore_ament_install'
[0.294s] Level 1:colcon.colcon_core.package_identification:_identify(/home/bagus/ichimonji/ros2-logger/src/sensor_pub_py) by extensions ['colcon_pkg']
[0.294s] Level 1:colcon.colcon_core.package_identification:_identify(/home/bagus/ichimonji/ros2-logger/src/sensor_pub_py) by extension 'colcon_pkg'
[0.294s] Level 1:colcon.colcon_core.package_identification:_identify(/home/bagus/ichimonji/ros2-logger/src/sensor_pub_py) by extensions ['colcon_meta']
[0.294s] Level 1:colcon.colcon_core.package_identification:_identify(/home/bagus/ichimonji/ros2-logger/src/sensor_pub_py) by extension 'colcon_meta'
[0.294s] Level 1:colcon.colcon_core.package_identification:_identify(/home/bagus/ichimonji/ros2-logger/src/sensor_pub_py) by extensions ['ros']
[0.294s] Level 1:colcon.colcon_core.package_identification:_identify(/home/bagus/ichimonji/ros2-logger/src/sensor_pub_py) by extension 'ros'
[0.296s] DEBUG:colcon.colcon_core.package_identification:Package '/home/bagus/ichimonji/ros2-logger/src/sensor_pub_py' with type 'ros.ament_python' and name 'sensor_pub_py'
[0.296s] Level 1:colcon.colcon_core.package_discovery:discover_packages(recursive) using defaults
