running egg_info
creating ../../build/sensor_pub_py/sensor_pub_py.egg-info
writing ../../build/sensor_pub_py/sensor_pub_py.egg-info/PKG-INFO
writing dependency_links to ../../build/sensor_pub_py/sensor_pub_py.egg-info/dependency_links.txt
writing entry points to ../../build/sensor_pub_py/sensor_pub_py.egg-info/entry_points.txt
writing requirements to ../../build/sensor_pub_py/sensor_pub_py.egg-info/requires.txt
writing top-level names to ../../build/sensor_pub_py/sensor_pub_py.egg-info/top_level.txt
writing manifest file '../../build/sensor_pub_py/sensor_pub_py.egg-info/SOURCES.txt'
reading manifest file '../../build/sensor_pub_py/sensor_pub_py.egg-info/SOURCES.txt'
writing manifest file '../../build/sensor_pub_py/sensor_pub_py.egg-info/SOURCES.txt'
running build
running build_py
creating /home/bagus/ichimonji/ros2-logger/build/sensor_pub_py/build
creating /home/bagus/ichimonji/ros2-logger/build/sensor_pub_py/build/lib
creating /home/bagus/ichimonji/ros2-logger/build/sensor_pub_py/build/lib/sensor_pub_py
copying sensor_pub_py/__init__.py -> /home/bagus/ichimonji/ros2-logger/build/sensor_pub_py/build/lib/sensor_pub_py
copying sensor_pub_py/sensor_pub.py -> /home/bagus/ichimonji/ros2-logger/build/sensor_pub_py/build/lib/sensor_pub_py
running install
running install_lib
creating /home/bagus/ichimonji/ros2-logger/install/sensor_pub_py/lib/python3.10/site-packages/sensor_pub_py
copying /home/bagus/ichimonji/ros2-logger/build/sensor_pub_py/build/lib/sensor_pub_py/__init__.py -> /home/bagus/ichimonji/ros2-logger/install/sensor_pub_py/lib/python3.10/site-packages/sensor_pub_py
copying /home/bagus/ichimonji/ros2-logger/build/sensor_pub_py/build/lib/sensor_pub_py/sensor_pub.py -> /home/bagus/ichimonji/ros2-logger/install/sensor_pub_py/lib/python3.10/site-packages/sensor_pub_py
byte-compiling /home/bagus/ichimonji/ros2-logger/install/sensor_pub_py/lib/python3.10/site-packages/sensor_pub_py/__init__.py to __init__.cpython-310.pyc
byte-compiling /home/bagus/ichimonji/ros2-logger/install/sensor_pub_py/lib/python3.10/site-packages/sensor_pub_py/sensor_pub.py to sensor_pub.cpython-310.pyc
running install_data
creating /home/bagus/ichimonji/ros2-logger/install/sensor_pub_py/share/ament_index
creating /home/bagus/ichimonji/ros2-logger/install/sensor_pub_py/share/ament_index/resource_index
creating /home/bagus/ichimonji/ros2-logger/install/sensor_pub_py/share/ament_index/resource_index/packages
copying resource/sensor_pub_py -> /home/bagus/ichimonji/ros2-logger/install/sensor_pub_py/share/ament_index/resource_index/packages
copying package.xml -> /home/bagus/ichimonji/ros2-logger/install/sensor_pub_py/share/sensor_pub_py
running install_egg_info
Copying ../../build/sensor_pub_py/sensor_pub_py.egg-info to /home/bagus/ichimonji/ros2-logger/install/sensor_pub_py/lib/python3.10/site-packages/sensor_pub_py-0.0.0-py3.10.egg-info
running install_scripts
writing list of installed files to '/home/bagus/ichimonji/ros2-logger/build/sensor_pub_py/install.log'
