[0.406s] Invoking command in '/home/bagus/ichimonji/ros2-logger/src/sensor_logger': BYOBU_DATE=%Y-%m-%d PYTHONPATH=/home/bagus/ichimonji/ros2-logger/build/sensor_logger/prefix_override:/usr/lib/python3/dist-packages/colcon_core/task/python/colcon_distutils_commands:/home/bagus/ichimonji/ros2-logger/install/sensor_logger/lib/python3.10/site-packages:${PYTHONPATH} /usr/bin/python3 -W ignore:setup.py install is deprecated -W ignore:easy_install command is deprecated setup.py egg_info --egg-base ../../build/sensor_logger build --build-base /home/bagus/ichimonji/ros2-logger/build/sensor_logger/build install --record /home/bagus/ichimonji/ros2-logger/build/sensor_logger/install.log --single-version-externally-managed install_data
[0.568s] running egg_info
[0.569s] writing ../../build/sensor_logger/sensor_logger.egg-info/PKG-INFO
[0.569s] writing dependency_links to ../../build/sensor_logger/sensor_logger.egg-info/dependency_links.txt
[0.569s] writing entry points to ../../build/sensor_logger/sensor_logger.egg-info/entry_points.txt
[0.569s] writing requirements to ../../build/sensor_logger/sensor_logger.egg-info/requires.txt
[0.569s] writing top-level names to ../../build/sensor_logger/sensor_logger.egg-info/top_level.txt
[0.570s] reading manifest file '../../build/sensor_logger/sensor_logger.egg-info/SOURCES.txt'
[0.571s] writing manifest file '../../build/sensor_logger/sensor_logger.egg-info/SOURCES.txt'
[0.571s] running build
[0.571s] running build_py
[0.571s] copying sensor_logger/sensor_log.py -> /home/bagus/ichimonji/ros2-logger/build/sensor_logger/build/lib/sensor_logger
[0.571s] running install
[0.572s] running install_lib
[0.572s] copying /home/bagus/ichimonji/ros2-logger/build/sensor_logger/build/lib/sensor_logger/sensor_log.py -> /home/bagus/ichimonji/ros2-logger/install/sensor_logger/lib/python3.10/site-packages/sensor_logger
[0.572s] byte-compiling /home/bagus/ichimonji/ros2-logger/install/sensor_logger/lib/python3.10/site-packages/sensor_logger/sensor_log.py to sensor_log.cpython-310.pyc
[0.573s] running install_data
[0.573s] running install_egg_info
[0.574s] removing '/home/bagus/ichimonji/ros2-logger/install/sensor_logger/lib/python3.10/site-packages/sensor_logger-0.0.0-py3.10.egg-info' (and everything under it)
[0.575s] Copying ../../build/sensor_logger/sensor_logger.egg-info to /home/bagus/ichimonji/ros2-logger/install/sensor_logger/lib/python3.10/site-packages/sensor_logger-0.0.0-py3.10.egg-info
[0.575s] running install_scripts
[0.589s] Installing sensor_logger script to /home/bagus/ichimonji/ros2-logger/install/sensor_logger/lib/sensor_logger
[0.590s] writing list of installed files to '/home/bagus/ichimonji/ros2-logger/build/sensor_logger/install.log'
[0.607s] Invoked command in '/home/bagus/ichimonji/ros2-logger/src/sensor_logger' returned '0': BYOBU_DATE=%Y-%m-%d PYTHONPATH=/home/bagus/ichimonji/ros2-logger/build/sensor_logger/prefix_override:/usr/lib/python3/dist-packages/colcon_core/task/python/colcon_distutils_commands:/home/bagus/ichimonji/ros2-logger/install/sensor_logger/lib/python3.10/site-packages:${PYTHONPATH} /usr/bin/python3 -W ignore:setup.py install is deprecated -W ignore:easy_install command is deprecated setup.py egg_info --egg-base ../../build/sensor_logger build --build-base /home/bagus/ichimonji/ros2-logger/build/sensor_logger/build install --record /home/bagus/ichimonji/ros2-logger/build/sensor_logger/install.log --single-version-externally-managed install_data
