running egg_info
creating ../../build/sensor_logger/sensor_logger.egg-info
writing ../../build/sensor_logger/sensor_logger.egg-info/PKG-INFO
writing dependency_links to ../../build/sensor_logger/sensor_logger.egg-info/dependency_links.txt
writing entry points to ../../build/sensor_logger/sensor_logger.egg-info/entry_points.txt
writing requirements to ../../build/sensor_logger/sensor_logger.egg-info/requires.txt
writing top-level names to ../../build/sensor_logger/sensor_logger.egg-info/top_level.txt
writing manifest file '../../build/sensor_logger/sensor_logger.egg-info/SOURCES.txt'
reading manifest file '../../build/sensor_logger/sensor_logger.egg-info/SOURCES.txt'
writing manifest file '../../build/sensor_logger/sensor_logger.egg-info/SOURCES.txt'
running build
running build_py
creating /home/bagus/ichimonji/ros2-logger/build/sensor_logger/build
creating /home/bagus/ichimonji/ros2-logger/build/sensor_logger/build/lib
creating /home/bagus/ichimonji/ros2-logger/build/sensor_logger/build/lib/sensor_logger
copying sensor_logger/__init__.py -> /home/bagus/ichimonji/ros2-logger/build/sensor_logger/build/lib/sensor_logger
copying sensor_logger/sensor_log.py -> /home/bagus/ichimonji/ros2-logger/build/sensor_logger/build/lib/sensor_logger
running install
running install_lib
creating /home/bagus/ichimonji/ros2-logger/install/sensor_logger/lib/python3.10/site-packages/sensor_logger
copying /home/bagus/ichimonji/ros2-logger/build/sensor_logger/build/lib/sensor_logger/__init__.py -> /home/bagus/ichimonji/ros2-logger/install/sensor_logger/lib/python3.10/site-packages/sensor_logger
copying /home/bagus/ichimonji/ros2-logger/build/sensor_logger/build/lib/sensor_logger/sensor_log.py -> /home/bagus/ichimonji/ros2-logger/install/sensor_logger/lib/python3.10/site-packages/sensor_logger
byte-compiling /home/bagus/ichimonji/ros2-logger/install/sensor_logger/lib/python3.10/site-packages/sensor_logger/__init__.py to __init__.cpython-310.pyc
byte-compiling /home/bagus/ichimonji/ros2-logger/install/sensor_logger/lib/python3.10/site-packages/sensor_logger/sensor_log.py to sensor_log.cpython-310.pyc
running install_data
creating /home/bagus/ichimonji/ros2-logger/install/sensor_logger/share/ament_index
creating /home/bagus/ichimonji/ros2-logger/install/sensor_logger/share/ament_index/resource_index
creating /home/bagus/ichimonji/ros2-logger/install/sensor_logger/share/ament_index/resource_index/packages
copying resource/sensor_logger -> /home/bagus/ichimonji/ros2-logger/install/sensor_logger/share/ament_index/resource_index/packages
copying package.xml -> /home/bagus/ichimonji/ros2-logger/install/sensor_logger/share/sensor_logger
running install_egg_info
Copying ../../build/sensor_logger/sensor_logger.egg-info to /home/bagus/ichimonji/ros2-logger/install/sensor_logger/lib/python3.10/site-packages/sensor_logger-0.0.0-py3.10.egg-info
running install_scripts
writing list of installed files to '/home/bagus/ichimonji/ros2-logger/build/sensor_logger/install.log'
