[0.093s] DEBUG:colcon:Command line arguments: ['/usr/bin/colcon', 'build', '--packages-select', 'sensor_pub_py', 'sensor_logger']
[0.093s] DEBUG:colcon:Parsed command line arguments: Namespace(log_base=None, log_level=None, verb_name='build', build_base='build', install_base='install', merge_install=False, symlink_install=False, test_result_base=None, continue_on_error=False, executor='parallel', parallel_workers=12, event_handlers=None, ignore_user_meta=False, metas=['./colcon.meta'], base_paths=['.'], packages_ignore=None, packages_ignore_regex=None, paths=None, packages_up_to=None, packages_up_to_regex=None, packages_above=None, packages_above_and_dependencies=None, packages_above_depth=None, packages_select_by_dep=None, packages_skip_by_dep=None, packages_skip_up_to=None, packages_select_build_failed=False, packages_skip_build_finished=False, packages_select_test_failures=False, packages_skip_test_passed=False, packages_select=['sensor_pub_py', 'sensor_logger'], packages_skip=None, packages_select_regex=None, packages_skip_regex=None, packages_start=None, packages_end=None, allow_overriding=[], cmake_args=None, cmake_target=None, cmake_target_skip_unavailable=False, cmake_clean_cache=False, cmake_clean_first=False, cmake_force_configure=False, ament_cmake_args=None, catkin_cmake_args=None, catkin_skip_building_tests=False, verb_parser=<colcon_defaults.argument_parser.defaults.DefaultArgumentsDecorator object at 0x766323951c90>, verb_extension=<colcon_core.verb.build.BuildVerb object at 0x766323951810>, main=<bound method BuildVerb.main of <colcon_core.verb.build.BuildVerb object at 0x766323951810>>)
[0.187s] Level 1:colcon.colcon_core.package_discovery:discover_packages(colcon_meta) check parameters
[0.187s] Level 1:colcon.colcon_core.package_discovery:discover_packages(recursive) check parameters
[0.187s] Level 1:colcon.colcon_core.package_discovery:discover_packages(ignore) check parameters
[0.187s] Level 1:colcon.colcon_core.package_discovery:discover_packages(path) check parameters
[0.187s] Level 1:colcon.colcon_core.package_discovery:discover_packages(colcon_meta) discover
[0.187s] Level 1:colcon.colcon_core.package_discovery:discover_packages(recursive) discover
[0.187s] INFO:colcon.colcon_core.package_discovery:Crawling recursively for packages in '/home/bagus/ichimonji/ros2-logger'
[0.187s] Level 1:colcon.colcon_core.package_identification:_identify(.) by extensions ['ignore', 'ignore_ament_install']
[0.187s] Level 1:colcon.colcon_core.package_identification:_identify(.) by extension 'ignore'
[0.187s] Level 1:colcon.colcon_core.package_identification:_identify(.) by extension 'ignore_ament_install'
[0.187s] Level 1:colcon.colcon_core.package_identification:_identify(.) by extensions ['colcon_pkg']
[0.187s] Level 1:colcon.colcon_core.package_identification:_identify(.) by extension 'colcon_pkg'
[0.188s] Level 1:colcon.colcon_core.package_identification:_identify(.) by extensions ['colcon_meta']
[0.188s] Level 1:colcon.colcon_core.package_identification:_identify(.) by extension 'colcon_meta'
[0.188s] Level 1:colcon.colcon_core.package_identification:_identify(.) by extensions ['ros']
[0.188s] Level 1:colcon.colcon_core.package_identification:_identify(.) by extension 'ros'
[0.208s] Level 1:colcon.colcon_core.package_identification:_identify(.) by extensions ['cmake', 'python']
[0.208s] Level 1:colcon.colcon_core.package_identification:_identify(.) by extension 'cmake'
[0.208s] Level 1:colcon.colcon_core.package_identification:_identify(.) by extension 'python'
[0.208s] Level 1:colcon.colcon_core.package_identification:_identify(.) by extensions ['python_setup_py']
[0.208s] Level 1:colcon.colcon_core.package_identification:_identify(.) by extension 'python_setup_py'
[0.208s] Level 1:colcon.colcon_core.package_identification:_identify(build) by extensions ['ignore', 'ignore_ament_install']
[0.208s] Level 1:colcon.colcon_core.package_identification:_identify(build) by extension 'ignore'
[0.208s] Level 1:colcon.colcon_core.package_identification:_identify(build) ignored
[0.208s] Level 1:colcon.colcon_core.package_identification:_identify(install) by extensions ['ignore', 'ignore_ament_install']
[0.208s] Level 1:colcon.colcon_core.package_identification:_identify(install) by extension 'ignore'
[0.208s] Level 1:colcon.colcon_core.package_identification:_identify(install) ignored
[0.209s] Level 1:colcon.colcon_core.package_identification:_identify(log) by extensions ['ignore', 'ignore_ament_install']
[0.209s] Level 1:colcon.colcon_core.package_identification:_identify(log) by extension 'ignore'
[0.209s] Level 1:colcon.colcon_core.package_identification:_identify(log) ignored
[0.209s] Level 1:colcon.colcon_core.package_identification:_identify(src) by extensions ['ignore', 'ignore_ament_install']
[0.209s] Level 1:colcon.colcon_core.package_identification:_identify(src) by extension 'ignore'
[0.209s] Level 1:colcon.colcon_core.package_identification:_identify(src) by extension 'ignore_ament_install'
[0.209s] Level 1:colcon.colcon_core.package_identification:_identify(src) by extensions ['colcon_pkg']
[0.209s] Level 1:colcon.colcon_core.package_identification:_identify(src) by extension 'colcon_pkg'
[0.209s] Level 1:colcon.colcon_core.package_identification:_identify(src) by extensions ['colcon_meta']
[0.209s] Level 1:colcon.colcon_core.package_identification:_identify(src) by extension 'colcon_meta'
[0.209s] Level 1:colcon.colcon_core.package_identification:_identify(src) by extensions ['ros']
[0.209s] Level 1:colcon.colcon_core.package_identification:_identify(src) by extension 'ros'
[0.209s] Level 1:colcon.colcon_core.package_identification:_identify(src) by extensions ['cmake', 'python']
[0.209s] Level 1:colcon.colcon_core.package_identification:_identify(src) by extension 'cmake'
[0.209s] Level 1:colcon.colcon_core.package_identification:_identify(src) by extension 'python'
[0.209s] Level 1:colcon.colcon_core.package_identification:_identify(src) by extensions ['python_setup_py']
[0.209s] Level 1:colcon.colcon_core.package_identification:_identify(src) by extension 'python_setup_py'
[0.209s] Level 1:colcon.colcon_core.package_identification:_identify(src/sensor_logger) by extensions ['ignore', 'ignore_ament_install']
[0.209s] Level 1:colcon.colcon_core.package_identification:_identify(src/sensor_logger) by extension 'ignore'
[0.209s] Level 1:colcon.colcon_core.package_identification:_identify(src/sensor_logger) by extension 'ignore_ament_install'
[0.209s] Level 1:colcon.colcon_core.package_identification:_identify(src/sensor_logger) by extensions ['colcon_pkg']
[0.209s] Level 1:colcon.colcon_core.package_identification:_identify(src/sensor_logger) by extension 'colcon_pkg'
[0.209s] Level 1:colcon.colcon_core.package_identification:_identify(src/sensor_logger) by extensions ['colcon_meta']
[0.209s] Level 1:colcon.colcon_core.package_identification:_identify(src/sensor_logger) by extension 'colcon_meta'
[0.209s] Level 1:colcon.colcon_core.package_identification:_identify(src/sensor_logger) by extensions ['ros']
[0.209s] Level 1:colcon.colcon_core.package_identification:_identify(src/sensor_logger) by extension 'ros'
[0.211s] DEBUG:colcon.colcon_core.package_identification:Package 'src/sensor_logger' with type 'ros.ament_python' and name 'sensor_logger'
[0.211s] Level 1:colcon.colcon_core.package_identification:_identify(src/sensor_pub_py) by extensions ['ignore', 'ignore_ament_install']
[0.211s] Level 1:colcon.colcon_core.package_identification:_identify(src/sensor_pub_py) by extension 'ignore'
[0.211s] Level 1:colcon.colcon_core.package_identification:_identify(src/sensor_pub_py) by extension 'ignore_ament_install'
[0.211s] Level 1:colcon.colcon_core.package_identification:_identify(src/sensor_pub_py) by extensions ['colcon_pkg']
[0.211s] Level 1:colcon.colcon_core.package_identification:_identify(src/sensor_pub_py) by extension 'colcon_pkg'
[0.211s] Level 1:colcon.colcon_core.package_identification:_identify(src/sensor_pub_py) by extensions ['colcon_meta']
[0.211s] Level 1:colcon.colcon_core.package_identification:_identify(src/sensor_pub_py) by extension 'colcon_meta'
[0.211s] Level 1:colcon.colcon_core.package_identification:_identify(src/sensor_pub_py) by extensions ['ros']
[0.211s] Level 1:colcon.colcon_core.package_identification:_identify(src/sensor_pub_py) by extension 'ros'
[0.211s] DEBUG:colcon.colcon_core.package_identification:Package 'src/sensor_pub_py' with type 'ros.ament_python' and name 'sensor_pub_py'
[0.211s] Level 1:colcon.colcon_core.package_discovery:discover_packages(recursive) using defaults
[0.211s] Level 1:colcon.colcon_core.package_discovery:discover_packages(ignore) discover
[0.211s] Level 1:colcon.colcon_core.package_discovery:discover_packages(ignore) using defaults
[0.211s] Level 1:colcon.colcon_core.package_discovery:discover_packages(path) discover
[0.211s] Level 1:colcon.colcon_core.package_discovery:discover_packages(path) using defaults
[0.222s] Level 1:colcon.colcon_core.package_discovery:discover_packages(prefix_path) check parameters
[0.222s] Level 1:colcon.colcon_core.package_discovery:discover_packages(prefix_path) discover
[0.223s] DEBUG:colcon.colcon_installed_package_information.package_discovery:Found 2 installed packages in /home/bagus/ichimonji/ros2-logger/install
[0.224s] DEBUG:colcon.colcon_installed_package_information.package_discovery:Found 2 installed packages in /home/bagus/ichimonji/intro/ros2_sensor_logger/ros2_ws/install
[0.224s] DEBUG:colcon.colcon_installed_package_information.package_discovery:Found 1 installed packages in /home/bagus/#course/ros2_tutorial/ros2_ws/install
[0.225s] DEBUG:colcon.colcon_installed_package_information.package_discovery:Found 271 installed packages in /opt/ros/humble
[0.226s] Level 1:colcon.colcon_core.package_discovery:discover_packages(prefix_path) using defaults
[0.245s] Level 5:colcon.colcon_core.verb:set package 'sensor_logger' build argument 'cmake_args' from command line to 'None'
[0.245s] Level 5:colcon.colcon_core.verb:set package 'sensor_logger' build argument 'cmake_target' from command line to 'None'
[0.245s] Level 5:colcon.colcon_core.verb:set package 'sensor_logger' build argument 'cmake_target_skip_unavailable' from command line to 'False'
[0.245s] Level 5:colcon.colcon_core.verb:set package 'sensor_logger' build argument 'cmake_clean_cache' from command line to 'False'
[0.245s] Level 5:colcon.colcon_core.verb:set package 'sensor_logger' build argument 'cmake_clean_first' from command line to 'False'
[0.245s] Level 5:colcon.colcon_core.verb:set package 'sensor_logger' build argument 'cmake_force_configure' from command line to 'False'
[0.245s] Level 5:colcon.colcon_core.verb:set package 'sensor_logger' build argument 'ament_cmake_args' from command line to 'None'
[0.245s] Level 5:colcon.colcon_core.verb:set package 'sensor_logger' build argument 'catkin_cmake_args' from command line to 'None'
[0.245s] Level 5:colcon.colcon_core.verb:set package 'sensor_logger' build argument 'catkin_skip_building_tests' from command line to 'False'
[0.245s] DEBUG:colcon.colcon_core.verb:Building package 'sensor_logger' with the following arguments: {'ament_cmake_args': None, 'build_base': '/home/bagus/ichimonji/ros2-logger/build/sensor_logger', 'catkin_cmake_args': None, 'catkin_skip_building_tests': False, 'cmake_args': None, 'cmake_clean_cache': False, 'cmake_clean_first': False, 'cmake_force_configure': False, 'cmake_target': None, 'cmake_target_skip_unavailable': False, 'install_base': '/home/bagus/ichimonji/ros2-logger/install/sensor_logger', 'merge_install': False, 'path': '/home/bagus/ichimonji/ros2-logger/src/sensor_logger', 'symlink_install': False, 'test_result_base': None}
[0.245s] Level 5:colcon.colcon_core.verb:set package 'sensor_pub_py' build argument 'cmake_args' from command line to 'None'
[0.245s] Level 5:colcon.colcon_core.verb:set package 'sensor_pub_py' build argument 'cmake_target' from command line to 'None'
[0.245s] Level 5:colcon.colcon_core.verb:set package 'sensor_pub_py' build argument 'cmake_target_skip_unavailable' from command line to 'False'
[0.245s] Level 5:colcon.colcon_core.verb:set package 'sensor_pub_py' build argument 'cmake_clean_cache' from command line to 'False'
[0.245s] Level 5:colcon.colcon_core.verb:set package 'sensor_pub_py' build argument 'cmake_clean_first' from command line to 'False'
[0.245s] Level 5:colcon.colcon_core.verb:set package 'sensor_pub_py' build argument 'cmake_force_configure' from command line to 'False'
[0.245s] Level 5:colcon.colcon_core.verb:set package 'sensor_pub_py' build argument 'ament_cmake_args' from command line to 'None'
[0.245s] Level 5:colcon.colcon_core.verb:set package 'sensor_pub_py' build argument 'catkin_cmake_args' from command line to 'None'
[0.245s] Level 5:colcon.colcon_core.verb:set package 'sensor_pub_py' build argument 'catkin_skip_building_tests' from command line to 'False'
[0.245s] DEBUG:colcon.colcon_core.verb:Building package 'sensor_pub_py' with the following arguments: {'ament_cmake_args': None, 'build_base': '/home/bagus/ichimonji/ros2-logger/build/sensor_pub_py', 'catkin_cmake_args': None, 'catkin_skip_building_tests': False, 'cmake_args': None, 'cmake_clean_cache': False, 'cmake_clean_first': False, 'cmake_force_configure': False, 'cmake_target': None, 'cmake_target_skip_unavailable': False, 'install_base': '/home/bagus/ichimonji/ros2-logger/install/sensor_pub_py', 'merge_install': False, 'path': '/home/bagus/ichimonji/ros2-logger/src/sensor_pub_py', 'symlink_install': False, 'test_result_base': None}
[0.245s] INFO:colcon.colcon_core.executor:Executing jobs using 'parallel' executor
[0.246s] DEBUG:colcon.colcon_parallel_executor.executor.parallel:run_until_complete
[0.247s] INFO:colcon.colcon_ros.task.ament_python.build:Building ROS package in '/home/bagus/ichimonji/ros2-logger/src/sensor_logger' with build type 'ament_python'
[0.247s] Level 1:colcon.colcon_core.shell:create_environment_hook('sensor_logger', 'ament_prefix_path')
[0.249s] INFO:colcon.colcon_core.plugin_system:Skipping extension 'colcon_core.shell.bat': Not used on non-Windows systems
[0.249s] INFO:colcon.colcon_core.shell:Creating environment hook '/home/bagus/ichimonji/ros2-logger/install/sensor_logger/share/sensor_logger/hook/ament_prefix_path.ps1'
[0.250s] INFO:colcon.colcon_core.shell:Creating environment descriptor '/home/bagus/ichimonji/ros2-logger/install/sensor_logger/share/sensor_logger/hook/ament_prefix_path.dsv'
[0.250s] INFO:colcon.colcon_core.shell:Creating environment hook '/home/bagus/ichimonji/ros2-logger/install/sensor_logger/share/sensor_logger/hook/ament_prefix_path.sh'
[0.251s] INFO:colcon.colcon_core.shell:Skip shell extension 'powershell' for command environment: Not usable outside of PowerShell
[0.251s] DEBUG:colcon.colcon_core.shell:Skip shell extension 'dsv' for command environment
[0.254s] INFO:colcon.colcon_ros.task.ament_python.build:Building ROS package in '/home/bagus/ichimonji/ros2-logger/src/sensor_pub_py' with build type 'ament_python'
[0.254s] Level 1:colcon.colcon_core.shell:create_environment_hook('sensor_pub_py', 'ament_prefix_path')
[0.254s] INFO:colcon.colcon_core.shell:Creating environment hook '/home/bagus/ichimonji/ros2-logger/install/sensor_pub_py/share/sensor_pub_py/hook/ament_prefix_path.ps1'
[0.255s] INFO:colcon.colcon_core.shell:Creating environment descriptor '/home/bagus/ichimonji/ros2-logger/install/sensor_pub_py/share/sensor_pub_py/hook/ament_prefix_path.dsv'
[0.255s] INFO:colcon.colcon_core.shell:Creating environment hook '/home/bagus/ichimonji/ros2-logger/install/sensor_pub_py/share/sensor_pub_py/hook/ament_prefix_path.sh'
[0.255s] INFO:colcon.colcon_core.shell:Skip shell extension 'powershell' for command environment: Not usable outside of PowerShell
[0.255s] DEBUG:colcon.colcon_core.shell:Skip shell extension 'dsv' for command environment
[0.403s] INFO:colcon.colcon_core.task.python.build:Building Python package in '/home/bagus/ichimonji/ros2-logger/src/sensor_logger'
[0.403s] INFO:colcon.colcon_core.shell:Skip shell extension 'powershell' for command environment: Not usable outside of PowerShell
[0.403s] DEBUG:colcon.colcon_core.shell:Skip shell extension 'dsv' for command environment
[0.551s] INFO:colcon.colcon_core.task.python.build:Building Python package in '/home/bagus/ichimonji/ros2-logger/src/sensor_pub_py'
[0.552s] INFO:colcon.colcon_core.shell:Skip shell extension 'powershell' for command environment: Not usable outside of PowerShell
[0.552s] DEBUG:colcon.colcon_core.shell:Skip shell extension 'dsv' for command environment
[0.761s] DEBUG:colcon.colcon_core.event_handler.log_command:Invoking command in '/home/bagus/ichimonji/ros2-logger/src/sensor_pub_py': BYOBU_DATE=%Y-%m-%d PYTHONPATH=/home/bagus/ichimonji/ros2-logger/build/sensor_pub_py/prefix_override:/usr/lib/python3/dist-packages/colcon_core/task/python/colcon_distutils_commands:/home/bagus/ichimonji/ros2-logger/install/sensor_pub_py/lib/python3.10/site-packages:${PYTHONPATH} /usr/bin/python3 -W ignore:setup.py install is deprecated -W ignore:easy_install command is deprecated setup.py egg_info --egg-base ../../build/sensor_pub_py build --build-base /home/bagus/ichimonji/ros2-logger/build/sensor_pub_py/build install --record /home/bagus/ichimonji/ros2-logger/build/sensor_pub_py/install.log --single-version-externally-managed install_data
[0.773s] DEBUG:colcon.colcon_core.event_handler.log_command:Invoking command in '/home/bagus/ichimonji/ros2-logger/src/sensor_logger': BYOBU_DATE=%Y-%m-%d PYTHONPATH=/home/bagus/ichimonji/ros2-logger/build/sensor_logger/prefix_override:/usr/lib/python3/dist-packages/colcon_core/task/python/colcon_distutils_commands:/home/bagus/ichimonji/ros2-logger/install/sensor_logger/lib/python3.10/site-packages:${PYTHONPATH} /usr/bin/python3 -W ignore:setup.py install is deprecated -W ignore:easy_install command is deprecated setup.py egg_info --egg-base ../../build/sensor_logger build --build-base /home/bagus/ichimonji/ros2-logger/build/sensor_logger/build install --record /home/bagus/ichimonji/ros2-logger/build/sensor_logger/install.log --single-version-externally-managed install_data
[0.947s] DEBUG:colcon.colcon_core.event_handler.log_command:Invoked command in '/home/bagus/ichimonji/ros2-logger/src/sensor_pub_py' returned '0': BYOBU_DATE=%Y-%m-%d PYTHONPATH=/home/bagus/ichimonji/ros2-logger/build/sensor_pub_py/prefix_override:/usr/lib/python3/dist-packages/colcon_core/task/python/colcon_distutils_commands:/home/bagus/ichimonji/ros2-logger/install/sensor_pub_py/lib/python3.10/site-packages:${PYTHONPATH} /usr/bin/python3 -W ignore:setup.py install is deprecated -W ignore:easy_install command is deprecated setup.py egg_info --egg-base ../../build/sensor_pub_py build --build-base /home/bagus/ichimonji/ros2-logger/build/sensor_pub_py/build install --record /home/bagus/ichimonji/ros2-logger/build/sensor_pub_py/install.log --single-version-externally-managed install_data
[0.950s] Level 1:colcon.colcon_core.environment:checking '/home/bagus/ichimonji/ros2-logger/install/sensor_pub_py' for CMake module files
[0.950s] Level 1:colcon.colcon_core.environment:checking '/home/bagus/ichimonji/ros2-logger/install/sensor_pub_py' for CMake config files
[0.951s] Level 1:colcon.colcon_core.environment:checking '/home/bagus/ichimonji/ros2-logger/install/sensor_pub_py/lib'
[0.951s] Level 1:colcon.colcon_core.environment:checking '/home/bagus/ichimonji/ros2-logger/install/sensor_pub_py/bin'
[0.951s] Level 1:colcon.colcon_core.environment:checking '/home/bagus/ichimonji/ros2-logger/install/sensor_pub_py/lib/pkgconfig/sensor_pub_py.pc'
[0.952s] Level 1:colcon.colcon_core.environment:checking '/home/bagus/ichimonji/ros2-logger/install/sensor_pub_py/lib/python3.10/site-packages'
[0.952s] Level 1:colcon.colcon_core.shell:create_environment_hook('sensor_pub_py', 'pythonpath')
[0.952s] INFO:colcon.colcon_core.shell:Creating environment hook '/home/bagus/ichimonji/ros2-logger/install/sensor_pub_py/share/sensor_pub_py/hook/pythonpath.ps1'
[0.952s] INFO:colcon.colcon_core.shell:Creating environment descriptor '/home/bagus/ichimonji/ros2-logger/install/sensor_pub_py/share/sensor_pub_py/hook/pythonpath.dsv'
[0.953s] INFO:colcon.colcon_core.shell:Creating environment hook '/home/bagus/ichimonji/ros2-logger/install/sensor_pub_py/share/sensor_pub_py/hook/pythonpath.sh'
[0.953s] Level 1:colcon.colcon_core.environment:checking '/home/bagus/ichimonji/ros2-logger/install/sensor_pub_py/bin'
[0.953s] Level 1:colcon.colcon_core.environment:create_environment_scripts_only(sensor_pub_py)
[0.954s] INFO:colcon.colcon_core.shell:Creating package script '/home/bagus/ichimonji/ros2-logger/install/sensor_pub_py/share/sensor_pub_py/package.ps1'
[0.955s] INFO:colcon.colcon_core.shell:Creating package descriptor '/home/bagus/ichimonji/ros2-logger/install/sensor_pub_py/share/sensor_pub_py/package.dsv'
[0.955s] INFO:colcon.colcon_core.shell:Creating package script '/home/bagus/ichimonji/ros2-logger/install/sensor_pub_py/share/sensor_pub_py/package.sh'
[0.956s] INFO:colcon.colcon_core.shell:Creating package script '/home/bagus/ichimonji/ros2-logger/install/sensor_pub_py/share/sensor_pub_py/package.bash'
[0.956s] INFO:colcon.colcon_core.shell:Creating package script '/home/bagus/ichimonji/ros2-logger/install/sensor_pub_py/share/sensor_pub_py/package.zsh'
[0.956s] Level 1:colcon.colcon_core.environment:create_file_with_runtime_dependencies(/home/bagus/ichimonji/ros2-logger/install/sensor_pub_py/share/colcon-core/packages/sensor_pub_py)
[0.957s] Level 1:colcon.colcon_core.environment:checking '/home/bagus/ichimonji/ros2-logger/install/sensor_logger' for CMake module files
[0.958s] DEBUG:colcon.colcon_core.event_handler.log_command:Invoked command in '/home/bagus/ichimonji/ros2-logger/src/sensor_logger' returned '0': BYOBU_DATE=%Y-%m-%d PYTHONPATH=/home/bagus/ichimonji/ros2-logger/build/sensor_logger/prefix_override:/usr/lib/python3/dist-packages/colcon_core/task/python/colcon_distutils_commands:/home/bagus/ichimonji/ros2-logger/install/sensor_logger/lib/python3.10/site-packages:${PYTHONPATH} /usr/bin/python3 -W ignore:setup.py install is deprecated -W ignore:easy_install command is deprecated setup.py egg_info --egg-base ../../build/sensor_logger build --build-base /home/bagus/ichimonji/ros2-logger/build/sensor_logger/build install --record /home/bagus/ichimonji/ros2-logger/build/sensor_logger/install.log --single-version-externally-managed install_data
[0.958s] Level 1:colcon.colcon_core.environment:checking '/home/bagus/ichimonji/ros2-logger/install/sensor_logger' for CMake config files
[0.959s] Level 1:colcon.colcon_core.environment:checking '/home/bagus/ichimonji/ros2-logger/install/sensor_logger/lib'
[0.959s] Level 1:colcon.colcon_core.environment:checking '/home/bagus/ichimonji/ros2-logger/install/sensor_logger/bin'
[0.959s] Level 1:colcon.colcon_core.environment:checking '/home/bagus/ichimonji/ros2-logger/install/sensor_logger/lib/pkgconfig/sensor_logger.pc'
[0.959s] Level 1:colcon.colcon_core.environment:checking '/home/bagus/ichimonji/ros2-logger/install/sensor_logger/lib/python3.10/site-packages'
[0.959s] Level 1:colcon.colcon_core.shell:create_environment_hook('sensor_logger', 'pythonpath')
[0.959s] INFO:colcon.colcon_core.shell:Creating environment hook '/home/bagus/ichimonji/ros2-logger/install/sensor_logger/share/sensor_logger/hook/pythonpath.ps1'
[0.960s] INFO:colcon.colcon_core.shell:Creating environment descriptor '/home/bagus/ichimonji/ros2-logger/install/sensor_logger/share/sensor_logger/hook/pythonpath.dsv'
[0.960s] INFO:colcon.colcon_core.shell:Creating environment hook '/home/bagus/ichimonji/ros2-logger/install/sensor_logger/share/sensor_logger/hook/pythonpath.sh'
[0.961s] Level 1:colcon.colcon_core.environment:checking '/home/bagus/ichimonji/ros2-logger/install/sensor_logger/bin'
[0.961s] Level 1:colcon.colcon_core.environment:create_environment_scripts_only(sensor_logger)
[0.961s] INFO:colcon.colcon_core.shell:Creating package script '/home/bagus/ichimonji/ros2-logger/install/sensor_logger/share/sensor_logger/package.ps1'
[0.962s] INFO:colcon.colcon_core.shell:Creating package descriptor '/home/bagus/ichimonji/ros2-logger/install/sensor_logger/share/sensor_logger/package.dsv'
[0.963s] INFO:colcon.colcon_core.shell:Creating package script '/home/bagus/ichimonji/ros2-logger/install/sensor_logger/share/sensor_logger/package.sh'
[0.963s] INFO:colcon.colcon_core.shell:Creating package script '/home/bagus/ichimonji/ros2-logger/install/sensor_logger/share/sensor_logger/package.bash'
[0.963s] INFO:colcon.colcon_core.shell:Creating package script '/home/bagus/ichimonji/ros2-logger/install/sensor_logger/share/sensor_logger/package.zsh'
[0.963s] Level 1:colcon.colcon_core.environment:create_file_with_runtime_dependencies(/home/bagus/ichimonji/ros2-logger/install/sensor_logger/share/colcon-core/packages/sensor_logger)
[0.964s] DEBUG:colcon.colcon_parallel_executor.executor.parallel:closing loop
[0.964s] DEBUG:colcon.colcon_parallel_executor.executor.parallel:loop closed
[0.964s] DEBUG:colcon.colcon_parallel_executor.executor.parallel:run_until_complete finished with '0'
[0.964s] DEBUG:colcon.colcon_core.event_reactor:joining thread
[0.969s] INFO:colcon.colcon_core.plugin_system:Skipping extension 'colcon_notification.desktop_notification.terminal_notifier': Not used on non-Darwin systems
[0.969s] INFO:colcon.colcon_core.plugin_system:Skipping extension 'colcon_notification.desktop_notification.win32': Not used on non-Windows systems
[0.969s] INFO:colcon.colcon_notification.desktop_notification:Sending desktop notification using 'notify2'
[0.979s] DEBUG:colcon.colcon_core.event_reactor:joined thread
[0.980s] INFO:colcon.colcon_core.shell:Creating prefix script '/home/bagus/ichimonji/ros2-logger/install/local_setup.ps1'
[0.981s] INFO:colcon.colcon_core.shell:Creating prefix util module '/home/bagus/ichimonji/ros2-logger/install/_local_setup_util_ps1.py'
[0.981s] INFO:colcon.colcon_core.shell:Creating prefix chain script '/home/bagus/ichimonji/ros2-logger/install/setup.ps1'
[0.982s] INFO:colcon.colcon_core.shell:Creating prefix script '/home/bagus/ichimonji/ros2-logger/install/local_setup.sh'
[0.982s] INFO:colcon.colcon_core.shell:Creating prefix util module '/home/bagus/ichimonji/ros2-logger/install/_local_setup_util_sh.py'
[0.983s] INFO:colcon.colcon_core.shell:Creating prefix chain script '/home/bagus/ichimonji/ros2-logger/install/setup.sh'
[0.983s] INFO:colcon.colcon_core.shell:Creating prefix script '/home/bagus/ichimonji/ros2-logger/install/local_setup.bash'
[0.984s] INFO:colcon.colcon_core.shell:Creating prefix chain script '/home/bagus/ichimonji/ros2-logger/install/setup.bash'
[0.984s] INFO:colcon.colcon_core.shell:Creating prefix script '/home/bagus/ichimonji/ros2-logger/install/local_setup.zsh'
[0.984s] INFO:colcon.colcon_core.shell:Creating prefix chain script '/home/bagus/ichimonji/ros2-logger/install/setup.zsh'
